Build started 20/09/2016 09:47:17 a. m..
     1>Project "C:\Users\mike\Documents\Tec\Lenguajes de Programacion\C++\pruebasLambda.cpp\pruebasLambda.cpp\pruebasLambda.cpp.vcxproj" on node 2 (Rebuild target(s)).
     1>ClCompile:
         C:\Program Files (x86)\Microsoft Visual Studio 12.0\VC\bin\CL.exe /c /ZI /nologo /W3 /WX- /sdl /Od /Oy- /D _MBCS /Gm /EHsc /RTC1 /MDd /GS /fp:precise /Zc:wchar_t /Zc:forScope /Fo"Debug\\" /Fd"Debug\vc120.pdb" /Gd /TP /analyze- /errorReport:prompt main.cpp
         main.cpp
     1>c:\users\mike\documents\tec\lenguajes de programacion\c++\pruebaslambda.cpp\pruebaslambda.cpp\filter.h(11): error C2661: 'std::vector<int,std::allocator<_Ty>>::vector' : no overloaded function takes 7 arguments
                 with
                 [
                     _Ty=int
                 ]
     1>Done Building Project "C:\Users\mike\Documents\Tec\Lenguajes de Programacion\C++\pruebasLambda.cpp\pruebasLambda.cpp\pruebasLambda.cpp.vcxproj" (Rebuild target(s)) -- FAILED.

Build FAILED.

Time Elapsed 00:00:00.35
